Using pre-set license
Built from '2022.3/staging' branch; Version is '2022.3.22f1 (887be4894c44) revision 8944612'; Using compiler version '192829333'; Build Type 'Release'
OS: 'Windows 11  (10.0.22631) 64bit Core' Language: 'en' Physical Memory: 16243 MB
BatchMode: 1, IsHumanControllingUs: 0, StartBugReporterOnCrash: 0, Is64bit: 1, IsPro: 1

COMMAND LINE ARGUMENTS:
C:\Program Files\Unity\Hub\Editor\2022.3.22f1\Editor\Unity.exe
-adb2
-batchMode
-noUpm
-name
AssetImportWorker1
-projectPath
C:/Users/Owner/SIT283/QuestTemplate/UnityVR-DevProgress/MASC Escape
-logFile
Logs/AssetImportWorker1.log
-srvPort
50269
Successfully changed project path to: C:/Users/Owner/SIT283/QuestTemplate/UnityVR-DevProgress/MASC Escape
C:/Users/Owner/SIT283/QuestTemplate/UnityVR-DevProgress/MASC Escape
[UnityMemory] Configuration Parameters - Can be set up in boot.config
    "memorysetup-bucket-allocator-granularity=16"
    "memorysetup-bucket-allocator-bucket-count=8"
    "memorysetup-bucket-allocator-block-size=33554432"
    "memorysetup-bucket-allocator-block-count=8"
    "memorysetup-main-allocator-block-size=16777216"
    "memorysetup-thread-allocator-block-size=16777216"
    "memorysetup-gfx-main-allocator-block-size=16777216"
    "memorysetup-gfx-thread-allocator-block-size=16777216"
    "memorysetup-cache-allocator-block-size=4194304"
    "memorysetup-typetree-allocator-block-size=2097152"
    "memorysetup-profiler-bucket-allocator-granularity=16"
    "memorysetup-profiler-bucket-allocator-bucket-count=8"
    "memorysetup-profiler-bucket-allocator-block-size=33554432"
    "memorysetup-profiler-bucket-allocator-block-count=8"
    "memorysetup-profiler-allocator-block-size=16777216"
    "memorysetup-profiler-editor-allocator-block-size=1048576"
    "memorysetup-temp-allocator-size-main=16777216"
    "memorysetup-job-temp-allocator-block-size=2097152"
    "memorysetup-job-temp-allocator-block-size-background=1048576"
    "memorysetup-job-temp-allocator-reduction-small-platforms=262144"
    "memorysetup-allocator-temp-initial-block-size-main=262144"
    "memorysetup-allocator-temp-initial-block-size-worker=262144"
    "memorysetup-temp-allocator-size-background-worker=32768"
    "memorysetup-temp-allocator-size-job-worker=262144"
    "memorysetup-temp-allocator-size-preload-manager=33554432"
    "memorysetup-temp-allocator-size-nav-mesh-worker=65536"
    "memorysetup-temp-allocator-size-audio-worker=65536"
    "memorysetup-temp-allocator-size-cloud-worker=32768"
    "memorysetup-temp-allocator-size-gi-baking-worker=262144"
    "memorysetup-temp-allocator-size-gfx=262144"
Player connection [37884] Host "[IP] 192.168.0.193 [Port] 0 [Flags] 2 [Guid] 845425419 [EditorId] 845425419 [Version] 1048832 [Id] WindowsEditor(7,DESKTOP-O9AOV8J) [Debug] 1 [PackageName] WindowsEditor [ProjectName] Editor" joined multi-casting on [225.0.0.222:54997]...

Player connection [37884] Host "[IP] 192.168.0.193 [Port] 0 [Flags] 2 [Guid] 845425419 [EditorId] 845425419 [Version] 1048832 [Id] WindowsEditor(7,DESKTOP-O9AOV8J) [Debug] 1 [PackageName] WindowsEditor [ProjectName] Editor" joined alternative multi-casting on [225.0.0.222:34997]...

[Physics::Module] Initialized MultithreadedJobDispatcher with 11 workers.
Refreshing native plugins compatible for Editor in 6.71 ms, found 3 plugins.
Preloading 0 native plugins for Editor in 0.00 ms.
Initialize engine version: 2022.3.22f1 (887be4894c44)
[Subsystems] Discovering subsystems at path C:/Program Files/Unity/Hub/Editor/2022.3.22f1/Editor/Data/Resources/UnitySubsystems
[Subsystems] Discovering subsystems at path C:/Users/Owner/SIT283/QuestTemplate/UnityVR-DevProgress/MASC Escape/Assets
GfxDevice: creating device client; threaded=0; jobified=0
Direct3D:
    Version:  Direct3D 11.0 [level 11.1]
    Renderer: NVIDIA GeForce RTX 3070 (ID=0x2488)
    Vendor:   NVIDIA
    VRAM:     8018 MB
    Driver:   32.0.15.6094
Initialize mono
Mono path[0] = 'C:/Program Files/Unity/Hub/Editor/2022.3.22f1/Editor/Data/Managed'
Mono path[1] = 'C:/Program Files/Unity/Hub/Editor/2022.3.22f1/Editor/Data/MonoBleedingEdge/lib/mono/unityjit-win32'
Mono config path = 'C:/Program Files/Unity/Hub/Editor/2022.3.22f1/Editor/Data/MonoBleedingEdge/etc'
Using monoOptions --debugger-agent=transport=dt_socket,embedding=1,server=y,suspend=n,address=127.0.0.1:56836
Begin MonoManager ReloadAssembly
Registering precompiled unity dll's ...
Register platform support module: C:/Program Files/Unity/Hub/Editor/2022.3.22f1/Editor/Data/PlaybackEngines/AndroidPlayer/UnityEditor.Android.Extensions.dll
Register platform support module: C:/Program Files/Unity/Hub/Editor/2022.3.22f1/Editor/Data/PlaybackEngines/WindowsStandaloneSupport/UnityEditor.WindowsStandalone.Extensions.dll
Registered in 0.004858 seconds.
- Loaded All Assemblies, in  0.394 seconds
Native extension for WindowsStandalone target not found
Native extension for Android target not found
Android Extension - Scanning For ADB Devices 1318 ms
Mono: successfully reloaded assembly
- Finished resetting the current domain, in  1.657 seconds
Domain Reload Profiling: 2050ms
	BeginReloadAssembly (110ms)
		ExecutionOrderSort (0ms)
		DisableScriptedObjects (0ms)
		BackupInstance (0ms)
		ReleaseScriptingObjects (0ms)
		CreateAndSetChildDomain (1ms)
	RebuildCommonClasses (36ms)
	RebuildNativeTypeToScriptingClass (10ms)
	initialDomainReloadingComplete (60ms)
	LoadAllAssembliesAndSetupDomain (176ms)
		LoadAssemblies (110ms)
		RebuildTransferFunctionScriptingTraits (0ms)
		AnalyzeDomain (174ms)
			TypeCache.Refresh (172ms)
				TypeCache.ScanAssembly (155ms)
			ScanForSourceGeneratedMonoScriptInfo (0ms)
			ResolveRequiredComponents (1ms)
	FinalizeReload (1658ms)
		ReleaseScriptCaches (0ms)
		RebuildScriptCaches (0ms)
		SetupLoadedEditorAssemblies (1601ms)
			LogAssemblyErrors (0ms)
			InitializePlatformSupportModulesInManaged (1447ms)
			SetLoadedEditorAssemblies (4ms)
			RefreshPlugins (0ms)
			BeforeProcessingInitializeOnLoad (4ms)
			ProcessInitializeOnLoadAttributes (108ms)
			ProcessInitializeOnLoadMethodAttributes (39ms)
			AfterProcessingInitializeOnLoad (0ms)
			EditorAssembliesLoaded (0ms)
		ExecutionOrderSort2 (0ms)
		AwakeInstancesAfterBackupRestoration (0ms)
========================================================================
Worker process is ready to serve import requests
Begin MonoManager ReloadAssembly
- Loaded All Assemblies, in  0.733 seconds
Refreshing native plugins compatible for Editor in 3.51 ms, found 3 plugins.
Native extension for WindowsStandalone target not found
Native extension for Android target not found
Package Manager log level set to [2]
[Package Manager] Server::EnsureServerProcessIsRunning -- launch failed, reason: Unity was launched with the -noUpm command-line argument
[Package Manager] UpmClient::Send -- Unable to send message (not connected to UPM process).
[Package Manager] Cannot connect to Unity Package Manager local server
Mono: successfully reloaded assembly
- Finished resetting the current domain, in  0.558 seconds
Domain Reload Profiling: 1290ms
	BeginReloadAssembly (159ms)
		ExecutionOrderSort (0ms)
		DisableScriptedObjects (7ms)
		BackupInstance (0ms)
		ReleaseScriptingObjects (0ms)
		CreateAndSetChildDomain (24ms)
	RebuildCommonClasses (31ms)
	RebuildNativeTypeToScriptingClass (8ms)
	initialDomainReloadingComplete (44ms)
	LoadAllAssembliesAndSetupDomain (489ms)
		LoadAssemblies (308ms)
		RebuildTransferFunctionScriptingTraits (0ms)
		AnalyzeDomain (275ms)
			TypeCache.Refresh (212ms)
				TypeCache.ScanAssembly (162ms)
			ScanForSourceGeneratedMonoScriptInfo (57ms)
			ResolveRequiredComponents (4ms)
	FinalizeReload (558ms)
		ReleaseScriptCaches (0ms)
		RebuildScriptCaches (0ms)
		SetupLoadedEditorAssemblies (401ms)
			LogAssemblyErrors (0ms)
			InitializePlatformSupportModulesInManaged (23ms)
			SetLoadedEditorAssemblies (3ms)
			RefreshPlugins (0ms)
			BeforeProcessingInitializeOnLoad (55ms)
			ProcessInitializeOnLoadAttributes (297ms)
			ProcessInitializeOnLoadMethodAttributes (19ms)
			AfterProcessingInitializeOnLoad (4ms)
			EditorAssembliesLoaded (0ms)
		ExecutionOrderSort2 (0ms)
		AwakeInstancesAfterBackupRestoration (6ms)
Launched and connected shader compiler UnityShaderCompiler.exe after 0.05 seconds
Refreshing native plugins compatible for Editor in 4.54 ms, found 3 plugins.
Preloading 0 native plugins for Editor in 0.00 ms.
Unloading 3141 Unused Serialized files (Serialized files now loaded: 0)
Unloading 33 unused Assets / (58.0 KB). Loaded Objects now: 3621.
Memory consumption went from 137.1 MB to 137.0 MB.
Total: 3.069000 ms (FindLiveObjects: 0.230600 ms CreateObjectMapping: 0.135300 ms MarkObjects: 2.582600 ms  DeleteObjects: 0.119000 ms)

AssetImportParameters requested are different than current active one (requested -> active):
  custom:container-demuxer-ogg: 62fdf1f143b41e24485cea50d1cbac27 -> 
  custom:video-codec-MediaFoundation-h265: 746d11721c4dcdbdad8f713fa42b33f4 -> 
  custom:video-decoder-ogg-theora: a1e56fd34408186e4bbccfd4996cb3dc -> 
  custom:framework-win-MediaFoundation: 216162199b28c13a410421893ffa2e32 -> 
  custom:CustomObjectIndexerAttribute: 9a22284fe3817be447336de3de66b15e -> 
  custom:container-demuxer-webm: 4f35f7cbe854078d1ac9338744f61a02 -> 
  custom:container-muxer-webm: aa71ff27fc2769a1b78a27578f13a17b -> 
  custom:video-decoder-webm-vp8: 9c59270c3fd7afecdb556c50c9e8de78 -> 
  custom:SearchIndexIgnoredProperties: e643bd26f0fe6173181afceb89e7c659 -> 
  custom:AudioImporter_EditorPlatform: d09bf68614088b80899f8185d706f6e7 -> 
  custom:video-encoder-webm-vp8: eb34c28f22e8b96e1ab97ce403110664 -> 
  custom:audio-decoder-ogg-vorbis: bf7c407c2cedff20999df2af8eb42d56 -> 
  custom:audio-encoder-webm-vorbis: bf7c407c2cedff20999df2af8eb42d56 -> 
========================================================================
Received Import Request.
  Time since last request: 997483.710188 seconds.
  path: Assets/Ground.asset
  artifactKey: Guid(29a79b180d026ce498a435a6dde19c4f) Importer(815301076,1909f56bfc062723c751e8b465ee728b)
Start importing Assets/Ground.asset using Guid(29a79b180d026ce498a435a6dde19c4f) Importer(815301076,1909f56bfc062723c751e8b465ee728b)  -> (artifact id: '1a9de6a0dfa915d843deac8ece631ffa') in 0.061779 seconds
Number of updated asset objects reloaded before import = 0
Number of asset objects unloaded after import = 3
========================================================================
Received Import Request.
  Time since last request: 5.875516 seconds.
  path: Assets/Scenes/textures/Concrete034.png
  artifactKey: Guid(e28848c63e54418498dcb5e63a888262) Importer(815301076,1909f56bfc062723c751e8b465ee728b)
Start importing Assets/Scenes/textures/Concrete034.png using Guid(e28848c63e54418498dcb5e63a888262) Importer(815301076,1909f56bfc062723c751e8b465ee728b)  -> (artifact id: '5de406398c298d243d41e33af8d93805') in 0.026330 seconds
Number of updated asset objects reloaded before import = 0
Number of asset objects unloaded after import = 2
========================================================================
Received Import Request.
  Time since last request: 0.000028 seconds.
  path: Assets/Scenes/textures/Concrete034_1K-PNG_NormalDX.png
  artifactKey: Guid(e0d4a91ed86816d4bb1824f581359ab6) Importer(815301076,1909f56bfc062723c751e8b465ee728b)
Start importing Assets/Scenes/textures/Concrete034_1K-PNG_NormalDX.png using Guid(e0d4a91ed86816d4bb1824f581359ab6) Importer(815301076,1909f56bfc062723c751e8b465ee728b)  -> (artifact id: '2c83af6de88e5c94e199977203d14754') in 0.027044 seconds
Number of updated asset objects reloaded before import = 0
Number of asset objects unloaded after import = 2
========================================================================
Received Import Request.
  Time since last request: 0.000032 seconds.
  path: Assets/Scenes/textures/SquareBrick003-PNG.png
  artifactKey: Guid(ed0de161a12137a4ebf82c7a8f418ec1) Importer(815301076,1909f56bfc062723c751e8b465ee728b)
Start importing Assets/Scenes/textures/SquareBrick003-PNG.png using Guid(ed0de161a12137a4ebf82c7a8f418ec1) Importer(815301076,1909f56bfc062723c751e8b465ee728b)  -> (artifact id: '3926a3e9543ecf69eeed3660dd24436a') in 0.021365 seconds
Number of updated asset objects reloaded before import = 0
Number of asset objects unloaded after import = 2
========================================================================
Received Import Request.
  Time since last request: 0.000030 seconds.
  path: Assets/Scenes/textures/Picture3.jpg
  artifactKey: Guid(08aaf34f54da0084680820e621acd58a) Importer(815301076,1909f56bfc062723c751e8b465ee728b)
Start importing Assets/Scenes/textures/Picture3.jpg using Guid(08aaf34f54da0084680820e621acd58a) Importer(815301076,1909f56bfc062723c751e8b465ee728b)  -> (artifact id: '4be2f17642e4c022dcd4004d8bb803de') in 0.015920 seconds
Number of updated asset objects reloaded before import = 0
Number of asset objects unloaded after import = 2
========================================================================
Received Import Request.
  Time since last request: 0.000017 seconds.
  path: Assets/Scenes/textures/OutDoors.png
  artifactKey: Guid(d62ab8a12e287a8429c782c8a3236102) Importer(815301076,1909f56bfc062723c751e8b465ee728b)
Start importing Assets/Scenes/textures/OutDoors.png using Guid(d62ab8a12e287a8429c782c8a3236102) Importer(815301076,1909f56bfc062723c751e8b465ee728b)  -> (artifact id: '3d55ea46374d658ae059f4d0fae0c012') in 0.015947 seconds
Number of updated asset objects reloaded before import = 0
Number of asset objects unloaded after import = 2
========================================================================
Received Import Request.
  Time since last request: 0.000016 seconds.
  path: Assets/Scenes/textures/Metal001-PNG.png
  artifactKey: Guid(e3e336495eaccc9489130c2439227b7d) Importer(815301076,1909f56bfc062723c751e8b465ee728b)
Start importing Assets/Scenes/textures/Metal001-PNG.png using Guid(e3e336495eaccc9489130c2439227b7d) Importer(815301076,1909f56bfc062723c751e8b465ee728b)  -> (artifact id: '77bdbde9469cd1414d10d65be0c5935f') in 0.015545 seconds
Number of updated asset objects reloaded before import = 0
Number of asset objects unloaded after import = 2
========================================================================
Received Import Request.
  Time since last request: 0.000030 seconds.
  path: Assets/Scenes/textures/SquareBrick002-PNG.png
  artifactKey: Guid(d40aa1809c2aa8148a73e1c1343a168a) Importer(815301076,1909f56bfc062723c751e8b465ee728b)
Start importing Assets/Scenes/textures/SquareBrick002-PNG.png using Guid(d40aa1809c2aa8148a73e1c1343a168a) Importer(815301076,1909f56bfc062723c751e8b465ee728b)  -> (artifact id: '8cce60e08d4cc5ab7351a8bcef83ae50') in 0.015113 seconds
Number of updated asset objects reloaded before import = 0
Number of asset objects unloaded after import = 2
========================================================================
Received Import Request.
  Time since last request: 0.000016 seconds.
  path: Assets/Scenes/textures/Picture2Texture.jpg
  artifactKey: Guid(5bd3f19a603de224580737b02b7cd0e3) Importer(815301076,1909f56bfc062723c751e8b465ee728b)
Start importing Assets/Scenes/textures/Picture2Texture.jpg using Guid(5bd3f19a603de224580737b02b7cd0e3) Importer(815301076,1909f56bfc062723c751e8b465ee728b)  -> (artifact id: '8e4038a9faf8c7f20c96e2c2c861f284') in 0.011699 seconds
Number of updated asset objects reloaded before import = 0
Number of asset objects unloaded after import = 2
========================================================================
Received Import Request.
  Time since last request: 0.000022 seconds.
  path: Assets/Scenes/textures/Wood001.jpg
  artifactKey: Guid(4653a7f0b0165344a844c40d79ee7cf3) Importer(815301076,1909f56bfc062723c751e8b465ee728b)
Start importing Assets/Scenes/textures/Wood001.jpg using Guid(4653a7f0b0165344a844c40d79ee7cf3) Importer(815301076,1909f56bfc062723c751e8b465ee728b)  -> (artifact id: 'ad93f42ad3aeb90f76a3e1f7aba56d5b') in 0.020184 seconds
Number of updated asset objects reloaded before import = 0
Number of asset objects unloaded after import = 2
========================================================================
Received Import Request.
  Time since last request: 0.000024 seconds.
  path: Assets/Scenes/textures/Wood001-PNG.png
  artifactKey: Guid(56d4304351427c443a5a7a7226b697b7) Importer(815301076,1909f56bfc062723c751e8b465ee728b)
Start importing Assets/Scenes/textures/Wood001-PNG.png using Guid(56d4304351427c443a5a7a7226b697b7) Importer(815301076,1909f56bfc062723c751e8b465ee728b)  -> (artifact id: '0e3f4f7a3fb4870b16cffb168525141b') in 0.015680 seconds
Number of updated asset objects reloaded before import = 0
Number of asset objects unloaded after import = 2
========================================================================
Received Import Request.
  Time since last request: 0.000019 seconds.
  path: Assets/Scenes/textures/SquareBrick001-PNG.png
  artifactKey: Guid(f1514145ae8479545b8f5e302b0b7323) Importer(815301076,1909f56bfc062723c751e8b465ee728b)
Start importing Assets/Scenes/textures/SquareBrick001-PNG.png using Guid(f1514145ae8479545b8f5e302b0b7323) Importer(815301076,1909f56bfc062723c751e8b465ee728b)  -> (artifact id: '288bbd880fc5bd927c243f6c84f527d4') in 0.031874 seconds
Number of updated asset objects reloaded before import = 0
Number of asset objects unloaded after import = 2
