Using pre-set license
Built from '2022.3/staging' branch; Version is '2022.3.22f1 (887be4894c44) revision 8944612'; Using compiler version '192829333'; Build Type 'Release'
OS: 'Windows 11  (10.0.22631) 64bit Core' Language: 'en' Physical Memory: 16243 MB
BatchMode: 1, IsHumanControllingUs: 0, StartBugReporterOnCrash: 0, Is64bit: 1, IsPro: 1

COMMAND LINE ARGUMENTS:
C:\Program Files\Unity\Hub\Editor\2022.3.22f1\Editor\Unity.exe
-adb2
-batchMode
-noUpm
-name
AssetImportWorker0
-projectPath
C:/Users/Owner/SIT283/Week 7
-logFile
Logs/AssetImportWorker0.log
-srvPort
51018
Successfully changed project path to: C:/Users/Owner/SIT283/Week 7
C:/Users/Owner/SIT283/Week 7
[UnityMemory] Configuration Parameters - Can be set up in boot.config
    "memorysetup-bucket-allocator-granularity=16"
    "memorysetup-bucket-allocator-bucket-count=8"
    "memorysetup-bucket-allocator-block-size=33554432"
    "memorysetup-bucket-allocator-block-count=8"
    "memorysetup-main-allocator-block-size=16777216"
    "memorysetup-thread-allocator-block-size=16777216"
    "memorysetup-gfx-main-allocator-block-size=16777216"
    "memorysetup-gfx-thread-allocator-block-size=16777216"
    "memorysetup-cache-allocator-block-size=4194304"
    "memorysetup-typetree-allocator-block-size=2097152"
    "memorysetup-profiler-bucket-allocator-granularity=16"
    "memorysetup-profiler-bucket-allocator-bucket-count=8"
    "memorysetup-profiler-bucket-allocator-block-size=33554432"
    "memorysetup-profiler-bucket-allocator-block-count=8"
    "memorysetup-profiler-allocator-block-size=16777216"
    "memorysetup-profiler-editor-allocator-block-size=1048576"
    "memorysetup-temp-allocator-size-main=16777216"
    "memorysetup-job-temp-allocator-block-size=2097152"
    "memorysetup-job-temp-allocator-block-size-background=1048576"
    "memorysetup-job-temp-allocator-reduction-small-platforms=262144"
    "memorysetup-allocator-temp-initial-block-size-main=262144"
    "memorysetup-allocator-temp-initial-block-size-worker=262144"
    "memorysetup-temp-allocator-size-background-worker=32768"
    "memorysetup-temp-allocator-size-job-worker=262144"
    "memorysetup-temp-allocator-size-preload-manager=33554432"
    "memorysetup-temp-allocator-size-nav-mesh-worker=65536"
    "memorysetup-temp-allocator-size-audio-worker=65536"
    "memorysetup-temp-allocator-size-cloud-worker=32768"
    "memorysetup-temp-allocator-size-gi-baking-worker=262144"
    "memorysetup-temp-allocator-size-gfx=262144"
Player connection [1340] Host "[IP] 192.168.0.193 [Port] 0 [Flags] 2 [Guid] 1807620830 [EditorId] 1807620830 [Version] 1048832 [Id] WindowsEditor(7,DESKTOP-O9AOV8J) [Debug] 1 [PackageName] WindowsEditor [ProjectName] Editor" joined multi-casting on [225.0.0.222:54997]...

Player connection [1340] Host "[IP] 192.168.0.193 [Port] 0 [Flags] 2 [Guid] 1807620830 [EditorId] 1807620830 [Version] 1048832 [Id] WindowsEditor(7,DESKTOP-O9AOV8J) [Debug] 1 [PackageName] WindowsEditor [ProjectName] Editor" joined alternative multi-casting on [225.0.0.222:34997]...

[Physics::Module] Initialized MultithreadedJobDispatcher with 11 workers.
Refreshing native plugins compatible for Editor in 1989.68 ms, found 9 plugins.
Preloading 2 native plugins for Editor in 2.30 ms.
Initialize engine version: 2022.3.22f1 (887be4894c44)
[Subsystems] Discovering subsystems at path C:/Program Files/Unity/Hub/Editor/2022.3.22f1/Editor/Data/Resources/UnitySubsystems
[Subsystems] Discovering subsystems at path C:/Users/Owner/SIT283/Week 7/Assets
GfxDevice: creating device client; threaded=0; jobified=0
Direct3D:
    Version:  Direct3D 11.0 [level 11.1]
    Renderer: NVIDIA GeForce RTX 3070 (ID=0x2488)
    Vendor:   NVIDIA
    VRAM:     8018 MB
    Driver:   32.0.15.5612
Shader 'Oculus/OVRMRCameraFrameLit': fallback shader 'Alpha-Diffuse' not found
Initialize mono
Mono path[0] = 'C:/Program Files/Unity/Hub/Editor/2022.3.22f1/Editor/Data/Managed'
Mono path[1] = 'C:/Program Files/Unity/Hub/Editor/2022.3.22f1/Editor/Data/MonoBleedingEdge/lib/mono/unityjit-win32'
Mono config path = 'C:/Program Files/Unity/Hub/Editor/2022.3.22f1/Editor/Data/MonoBleedingEdge/etc'
Using monoOptions --debugger-agent=transport=dt_socket,embedding=1,server=y,suspend=n,address=127.0.0.1:56908
Begin MonoManager ReloadAssembly
Registering precompiled unity dll's ...
Register platform support module: C:/Program Files/Unity/Hub/Editor/2022.3.22f1/Editor/Data/PlaybackEngines/AndroidPlayer/UnityEditor.Android.Extensions.dll
Register platform support module: C:/Program Files/Unity/Hub/Editor/2022.3.22f1/Editor/Data/PlaybackEngines/WindowsStandaloneSupport/UnityEditor.WindowsStandalone.Extensions.dll
Registered in 0.006910 seconds.
- Loaded All Assemblies, in  0.326 seconds
Native extension for WindowsStandalone target not found
Native extension for Android target not found
Android Extension - Scanning For ADB Devices 258 ms
Mono: successfully reloaded assembly
- Finished resetting the current domain, in  0.579 seconds
Domain Reload Profiling: 904ms
	BeginReloadAssembly (108ms)
		ExecutionOrderSort (0ms)
		DisableScriptedObjects (0ms)
		BackupInstance (0ms)
		ReleaseScriptingObjects (0ms)
		CreateAndSetChildDomain (1ms)
	RebuildCommonClasses (29ms)
	RebuildNativeTypeToScriptingClass (9ms)
	initialDomainReloadingComplete (52ms)
	LoadAllAssembliesAndSetupDomain (126ms)
		LoadAssemblies (107ms)
		RebuildTransferFunctionScriptingTraits (0ms)
		AnalyzeDomain (123ms)
			TypeCache.Refresh (122ms)
				TypeCache.ScanAssembly (107ms)
			ScanForSourceGeneratedMonoScriptInfo (0ms)
			ResolveRequiredComponents (0ms)
	FinalizeReload (579ms)
		ReleaseScriptCaches (0ms)
		RebuildScriptCaches (0ms)
		SetupLoadedEditorAssemblies (527ms)
			LogAssemblyErrors (0ms)
			InitializePlatformSupportModulesInManaged (373ms)
			SetLoadedEditorAssemblies (4ms)
			RefreshPlugins (0ms)
			BeforeProcessingInitializeOnLoad (2ms)
			ProcessInitializeOnLoadAttributes (109ms)
			ProcessInitializeOnLoadMethodAttributes (39ms)
			AfterProcessingInitializeOnLoad (0ms)
			EditorAssembliesLoaded (0ms)
		ExecutionOrderSort2 (0ms)
		AwakeInstancesAfterBackupRestoration (0ms)
========================================================================
Worker process is ready to serve import requests
Begin MonoManager ReloadAssembly
- Loaded All Assemblies, in  7.339 seconds
Refreshing native plugins compatible for Editor in 7.59 ms, found 9 plugins.
Native extension for WindowsStandalone target not found
Native extension for Android target not found
Package Manager log level set to [2]
[Package Manager] Server::EnsureServerProcessIsRunning -- launch failed, reason: Unity was launched with the -noUpm command-line argument
[Package Manager] UpmClient::Send -- Unable to send message (not connected to UPM process).
[Package Manager] Cannot connect to Unity Package Manager local server
[Package Manager] Server::EnsureServerProcessIsRunning -- launch failed, reason: Unity was launched with the -noUpm command-line argument
[Package Manager] UpmClient::Send -- Unable to send message (not connected to UPM process).
[Package Manager] Cannot connect to Unity Package Manager local server
[XR] OculusXRPlugin: registering subsystems
[XR] Unable to register display lifecyle provider: [1]
[XR] Oculus Input lifecycle provider registered.
[XR] Unable to register input lifecyle provider: [1]
[XR] OVRP version 1.89.1
Mono: successfully reloaded assembly
[Package Manager] Server::EnsureServerProcessIsRunning -- launch failed, reason: Unity was launched with the -noUpm command-line argument
[Package Manager] UpmClient::Send -- Unable to send message (not connected to UPM process).
[Package Manager] Cannot connect to Unity Package Manager local server
[Package Manager] Server::EnsureServerProcessIsRunning -- launch failed, reason: Unity was launched with the -noUpm command-line argument
[Package Manager] UpmClient::Send -- Unable to send message (not connected to UPM process).
[Package Manager] Cannot connect to Unity Package Manager local server
- Finished resetting the current domain, in  0.809 seconds
Domain Reload Profiling: 8146ms
	BeginReloadAssembly (138ms)
		ExecutionOrderSort (0ms)
		DisableScriptedObjects (6ms)
		BackupInstance (0ms)
		ReleaseScriptingObjects (0ms)
		CreateAndSetChildDomain (19ms)
	RebuildCommonClasses (31ms)
	RebuildNativeTypeToScriptingClass (11ms)
	initialDomainReloadingComplete (42ms)
	LoadAllAssembliesAndSetupDomain (7115ms)
		LoadAssemblies (6954ms)
		RebuildTransferFunctionScriptingTraits (0ms)
		AnalyzeDomain (244ms)
			TypeCache.Refresh (203ms)
				TypeCache.ScanAssembly (183ms)
			ScanForSourceGeneratedMonoScriptInfo (28ms)
			ResolveRequiredComponents (12ms)
	FinalizeReload (809ms)
		ReleaseScriptCaches (0ms)
		RebuildScriptCaches (0ms)
		SetupLoadedEditorAssemblies (622ms)
			LogAssemblyErrors (0ms)
			InitializePlatformSupportModulesInManaged (20ms)
			SetLoadedEditorAssemblies (4ms)
			RefreshPlugins (0ms)
			BeforeProcessingInitializeOnLoad (71ms)
			ProcessInitializeOnLoadAttributes (492ms)
			ProcessInitializeOnLoadMethodAttributes (30ms)
			AfterProcessingInitializeOnLoad (4ms)
			EditorAssembliesLoaded (0ms)
		ExecutionOrderSort2 (0ms)
		AwakeInstancesAfterBackupRestoration (4ms)
Shader 'Oculus/OVRMRCameraFrameLit': fallback shader 'Alpha-Diffuse' not found
Launched and connected shader compiler UnityShaderCompiler.exe after 0.04 seconds
Refreshing native plugins compatible for Editor in 10.00 ms, found 9 plugins.
Preloading 2 native plugins for Editor in 0.07 ms.
Unloading 4994 Unused Serialized files (Serialized files now loaded: 0)
Unloading 72 unused Assets / (202.7 KB). Loaded Objects now: 5444.
Memory consumption went from 203.8 MB to 203.6 MB.
Total: 4.586000 ms (FindLiveObjects: 0.446900 ms CreateObjectMapping: 0.328300 ms MarkObjects: 3.511900 ms  DeleteObjects: 0.297800 ms)

AssetImportParameters requested are different than current active one (requested -> active):
  custom:container-demuxer-ogg: 62fdf1f143b41e24485cea50d1cbac27 -> 
  custom:video-codec-MediaFoundation-h265: 746d11721c4dcdbdad8f713fa42b33f4 -> 
  custom:video-decoder-ogg-theora: a1e56fd34408186e4bbccfd4996cb3dc -> 
  custom:framework-win-MediaFoundation: 216162199b28c13a410421893ffa2e32 -> 
  custom:CustomObjectIndexerAttribute: 9a22284fe3817be447336de3de66b15e -> 
  custom:container-demuxer-webm: 4f35f7cbe854078d1ac9338744f61a02 -> 
  custom:container-muxer-webm: aa71ff27fc2769a1b78a27578f13a17b -> 
  custom:video-decoder-webm-vp8: 9c59270c3fd7afecdb556c50c9e8de78 -> 
  custom:SearchIndexIgnoredProperties: e643bd26f0fe6173181afceb89e7c659 -> 
  custom:AudioImporter_EditorPlatform: d09bf68614088b80899f8185d706f6e7 -> 
  custom:video-encoder-webm-vp8: eb34c28f22e8b96e1ab97ce403110664 -> 
  custom:audio-decoder-ogg-vorbis: bf7c407c2cedff20999df2af8eb42d56 -> 
  custom:audio-encoder-webm-vorbis: bf7c407c2cedff20999df2af8eb42d56 -> 
========================================================================
Received Import Request.
  Time since last request: 756.899424 seconds.
  path: Assets/Oculus/VR/Prefabs/OVRCustomHandPrefab_R.prefab
  artifactKey: Guid(e201a24a09e942042b93390d0444d728) Importer(815301076,1909f56bfc062723c751e8b465ee728b)
Start importing Assets/Oculus/VR/Prefabs/OVRCustomHandPrefab_R.prefab using Guid(e201a24a09e942042b93390d0444d728) Importer(815301076,1909f56bfc062723c751e8b465ee728b)  -> (artifact id: '44caf86698599f11f0226c88d59238d7') in 0.092885 seconds
Number of updated asset objects reloaded before import = 0
Number of asset objects unloaded after import = 334
========================================================================
Received Import Request.
  Time since last request: 0.000029 seconds.
  path: Assets/Oculus/VR/Prefabs/OVRSceneManager.prefab
  artifactKey: Guid(c813208e672e3074bbe118e1a9ee94fd) Importer(815301076,1909f56bfc062723c751e8b465ee728b)
Start importing Assets/Oculus/VR/Prefabs/OVRSceneManager.prefab using Guid(c813208e672e3074bbe118e1a9ee94fd) Importer(815301076,1909f56bfc062723c751e8b465ee728b)  -> (artifact id: '26db44cb329f342e1e9b183d81eaddea') in 0.005963 seconds
Number of updated asset objects reloaded before import = 0
Number of asset objects unloaded after import = 6
========================================================================
Received Import Request.
  Time since last request: 0.000014 seconds.
  path: Assets/Oculus/VR/Prefabs/OVRCustomHandPrefab_L.prefab
  artifactKey: Guid(c6a74181d4000004887343fb87b3c53a) Importer(815301076,1909f56bfc062723c751e8b465ee728b)
Start importing Assets/Oculus/VR/Prefabs/OVRCustomHandPrefab_L.prefab using Guid(c6a74181d4000004887343fb87b3c53a) Importer(815301076,1909f56bfc062723c751e8b465ee728b)  -> (artifact id: 'e1edfe1adaedb4d9da8097bad5aa68ca') in 0.017314 seconds
Number of updated asset objects reloaded before import = 0
Number of asset objects unloaded after import = 334
========================================================================
Received Import Request.
  Time since last request: 76.725349 seconds.
  path: Assets/Scripts/MeshGenerator.cs
  artifactKey: Guid(21ba2ac26e60ffa4ab24c0acd9ea446b) Importer(815301076,1909f56bfc062723c751e8b465ee728b)
Start importing Assets/Scripts/MeshGenerator.cs using Guid(21ba2ac26e60ffa4ab24c0acd9ea446b) Importer(815301076,1909f56bfc062723c751e8b465ee728b)  -> (artifact id: '6fd8bf5cb52f405378701bf01b3b5159') in 0.000788 seconds
Number of updated asset objects reloaded before import = 0
Number of asset objects unloaded after import = 0
========================================================================
Received Prepare
Begin MonoManager ReloadAssembly
- Loaded All Assemblies, in  0.476 seconds
Refreshing native plugins compatible for Editor in 9.35 ms, found 9 plugins.
Native extension for WindowsStandalone target not found
Native extension for Android target not found
[Package Manager] Server::EnsureServerProcessIsRunning -- launch failed, reason: Unity was launched with the -noUpm command-line argument
[Package Manager] UpmClient::Send -- Unable to send message (not connected to UPM process).
[Package Manager] Cannot connect to Unity Package Manager local server
[Package Manager] Server::EnsureServerProcessIsRunning -- launch failed, reason: Unity was launched with the -noUpm command-line argument
[Package Manager] UpmClient::Send -- Unable to send message (not connected to UPM process).
[Package Manager] Cannot connect to Unity Package Manager local server
Mono: successfully reloaded assembly
[Package Manager] Server::EnsureServerProcessIsRunning -- launch failed, reason: Unity was launched with the -noUpm command-line argument
[Package Manager] UpmClient::Send -- Unable to send message (not connected to UPM process).
[Package Manager] Cannot connect to Unity Package Manager local server
- Finished resetting the current domain, in  3.221 seconds
Domain Reload Profiling: 3694ms
	BeginReloadAssembly (157ms)
		ExecutionOrderSort (0ms)
		DisableScriptedObjects (3ms)
		BackupInstance (0ms)
		ReleaseScriptingObjects (0ms)
		CreateAndSetChildDomain (33ms)
	RebuildCommonClasses (30ms)
	RebuildNativeTypeToScriptingClass (12ms)
	initialDomainReloadingComplete (28ms)
	LoadAllAssembliesAndSetupDomain (246ms)
		LoadAssemblies (300ms)
		RebuildTransferFunctionScriptingTraits (0ms)
		AnalyzeDomain (39ms)
			TypeCache.Refresh (14ms)
				TypeCache.ScanAssembly (4ms)
			ScanForSourceGeneratedMonoScriptInfo (9ms)
			ResolveRequiredComponents (14ms)
	FinalizeReload (3222ms)
		ReleaseScriptCaches (0ms)
		RebuildScriptCaches (0ms)
		SetupLoadedEditorAssemblies (344ms)
			LogAssemblyErrors (0ms)
			InitializePlatformSupportModulesInManaged (17ms)
			SetLoadedEditorAssemblies (4ms)
			RefreshPlugins (0ms)
			BeforeProcessingInitializeOnLoad (64ms)
			ProcessInitializeOnLoadAttributes (239ms)
			ProcessInitializeOnLoadMethodAttributes (16ms)
			AfterProcessingInitializeOnLoad (4ms)
			EditorAssembliesLoaded (0ms)
		ExecutionOrderSort2 (0ms)
		AwakeInstancesAfterBackupRestoration (3ms)
Shader 'Oculus/OVRMRCameraFrameLit': fallback shader 'Alpha-Diffuse' not found
Refreshing native plugins compatible for Editor in 7.24 ms, found 9 plugins.
Preloading 2 native plugins for Editor in 0.08 ms.
Unloading 4895 Unused Serialized files (Serialized files now loaded: 0)
Unloading 57 unused Assets / (175.0 KB). Loaded Objects now: 5457.
Memory consumption went from 185.0 MB to 184.8 MB.
Total: 4.324800 ms (FindLiveObjects: 0.323200 ms CreateObjectMapping: 0.191900 ms MarkObjects: 3.651800 ms  DeleteObjects: 0.156800 ms)

Prepare: number of updated asset objects reloaded= 0
AssetImportParameters requested are different than current active one (requested -> active):
  custom:container-demuxer-ogg: 62fdf1f143b41e24485cea50d1cbac27 -> 
  custom:video-codec-MediaFoundation-h265: 746d11721c4dcdbdad8f713fa42b33f4 -> 
  custom:video-decoder-ogg-theora: a1e56fd34408186e4bbccfd4996cb3dc -> 
  custom:framework-win-MediaFoundation: 216162199b28c13a410421893ffa2e32 -> 
  custom:CustomObjectIndexerAttribute: 9a22284fe3817be447336de3de66b15e -> 
  custom:container-demuxer-webm: 4f35f7cbe854078d1ac9338744f61a02 -> 
  custom:container-muxer-webm: aa71ff27fc2769a1b78a27578f13a17b -> 
  custom:video-decoder-webm-vp8: 9c59270c3fd7afecdb556c50c9e8de78 -> 
  custom:SearchIndexIgnoredProperties: e643bd26f0fe6173181afceb89e7c659 -> 
  custom:AudioImporter_EditorPlatform: d09bf68614088b80899f8185d706f6e7 -> 
  custom:video-encoder-webm-vp8: eb34c28f22e8b96e1ab97ce403110664 -> 
  custom:audio-decoder-ogg-vorbis: bf7c407c2cedff20999df2af8eb42d56 -> 
  custom:audio-encoder-webm-vorbis: bf7c407c2cedff20999df2af8eb42d56 -> 
========================================================================
Received Import Request.
  Time since last request: 31.212178 seconds.
  path: Assets/Scripts/ControllerMove.cs
  artifactKey: Guid(970e302b7daa4b840837beb59e3b11b6) Importer(815301076,1909f56bfc062723c751e8b465ee728b)
Start importing Assets/Scripts/ControllerMove.cs using Guid(970e302b7daa4b840837beb59e3b11b6) Importer(815301076,1909f56bfc062723c751e8b465ee728b)  -> (artifact id: 'fd2bb05223303f0d8d6473a8709ed82a') in 0.003176 seconds
Number of updated asset objects reloaded before import = 0
Number of asset objects unloaded after import = 0
========================================================================
Received Import Request.
  Time since last request: 2368.637116 seconds.
  path: Assets/New Terrain 1.asset
  artifactKey: Guid(07f3b50e23b9cf64dba5dad07f4a986b) Importer(815301076,1909f56bfc062723c751e8b465ee728b)
Start importing Assets/New Terrain 1.asset using Guid(07f3b50e23b9cf64dba5dad07f4a986b) Importer(815301076,1909f56bfc062723c751e8b465ee728b)  -> (artifact id: '89922a6fa2bc55a8871c81fcde526ed9') in 0.033785 seconds
Number of updated asset objects reloaded before import = 0
Number of asset objects unloaded after import = 1
========================================================================
Received Import Request.
  Time since last request: 1875.645935 seconds.
  path: Assets/Oculus/LipSync/Models/RobotHead_TextureFlip/aa.png
  artifactKey: Guid(5c06354455999f94ea26114e261dde6d) Importer(815301076,1909f56bfc062723c751e8b465ee728b)
Start importing Assets/Oculus/LipSync/Models/RobotHead_TextureFlip/aa.png using Guid(5c06354455999f94ea26114e261dde6d) Importer(815301076,1909f56bfc062723c751e8b465ee728b)  -> (artifact id: '20363fac5344b11f09f679c4e9dc5593') in 0.231771 seconds
Number of updated asset objects reloaded before import = 0
Number of asset objects unloaded after import = 2
========================================================================
Received Import Request.
  Time since last request: 0.000022 seconds.
  path: Assets/Oculus/SampleFramework/Usage/SharedAssets/Textures/ball_billiard_03_dif.jpg
  artifactKey: Guid(6f62dbb8fce29e04fb0a99913642d116) Importer(815301076,1909f56bfc062723c751e8b465ee728b)
Start importing Assets/Oculus/SampleFramework/Usage/SharedAssets/Textures/ball_billiard_03_dif.jpg using Guid(6f62dbb8fce29e04fb0a99913642d116) Importer(815301076,1909f56bfc062723c751e8b465ee728b)  -> (artifact id: '6957d27a77c3d562538cc1c192a6cd27') in 0.015904 seconds
Number of updated asset objects reloaded before import = 0
Number of asset objects unloaded after import = 2
========================================================================
Received Import Request.
  Time since last request: 0.000027 seconds.
  path: Assets/Oculus/VR/Editor/BuildingBlocks/Animations/bb_outline_03.png
  artifactKey: Guid(c91f1eb70a4bdfb4490ddb0b55d7870d) Importer(815301076,1909f56bfc062723c751e8b465ee728b)
Start importing Assets/Oculus/VR/Editor/BuildingBlocks/Animations/bb_outline_03.png using Guid(c91f1eb70a4bdfb4490ddb0b55d7870d) Importer(815301076,1909f56bfc062723c751e8b465ee728b)  -> (artifact id: 'dffb8f8335a92bdf7f6117b99cc154d3') in 0.033158 seconds
Number of updated asset objects reloaded before import = 0
Number of asset objects unloaded after import = 2
========================================================================
Received Import Request.
  Time since last request: 0.000022 seconds.
  path: Assets/Oculus/VR/Editor/BuildingBlocks/Animations/bb_outline_02.png
  artifactKey: Guid(c3dddeff90af1e84497f7197f61cc5f4) Importer(815301076,1909f56bfc062723c751e8b465ee728b)
Start importing Assets/Oculus/VR/Editor/BuildingBlocks/Animations/bb_outline_02.png using Guid(c3dddeff90af1e84497f7197f61cc5f4) Importer(815301076,1909f56bfc062723c751e8b465ee728b)  -> (artifact id: '5cae5aa4c9ea8244a84f2ef44fbb9aa3') in 0.014618 seconds
Number of updated asset objects reloaded before import = 0
Number of asset objects unloaded after import = 2
========================================================================
Received Import Request.
  Time since last request: 0.000019 seconds.
  path: Assets/Oculus/SampleFramework/Usage/SharedAssets/Textures/ball_billiard_10_dif.jpg
  artifactKey: Guid(2314f2250e16c224fbaa392942901582) Importer(815301076,1909f56bfc062723c751e8b465ee728b)
Start importing Assets/Oculus/SampleFramework/Usage/SharedAssets/Textures/ball_billiard_10_dif.jpg using Guid(2314f2250e16c224fbaa392942901582) Importer(815301076,1909f56bfc062723c751e8b465ee728b)  -> (artifact id: '57bd4937a3b10dd05196979339edeb6e') in 0.015266 seconds
Number of updated asset objects reloaded before import = 0
Number of asset objects unloaded after import = 2
========================================================================
Received Import Request.
  Time since last request: 1.469097 seconds.
  path: Assets/Oculus/VR/Editor/BuildingBlocks/Animations/bb_outline_04.png
  artifactKey: Guid(ac201414ee3ef3a4183f8b5f6d9e9694) Importer(815301076,1909f56bfc062723c751e8b465ee728b)
Start importing Assets/Oculus/VR/Editor/BuildingBlocks/Animations/bb_outline_04.png using Guid(ac201414ee3ef3a4183f8b5f6d9e9694) Importer(815301076,1909f56bfc062723c751e8b465ee728b)  -> (artifact id: 'aa9b964d2cc5bc2f20c9a759568c0bad') in 0.018888 seconds
Number of updated asset objects reloaded before import = 0
Number of asset objects unloaded after import = 2
========================================================================
Received Import Request.
  Time since last request: 0.046012 seconds.
  path: Assets/Oculus/VR/Editor/BuildingBlocks/Animations/bb_outline_06.png
  artifactKey: Guid(6c93320b42205d742a1aa9c894b1ad19) Importer(815301076,1909f56bfc062723c751e8b465ee728b)
Start importing Assets/Oculus/VR/Editor/BuildingBlocks/Animations/bb_outline_06.png using Guid(6c93320b42205d742a1aa9c894b1ad19) Importer(815301076,1909f56bfc062723c751e8b465ee728b)  -> (artifact id: '34dee65e8ebcd53301d8dbe47d6c8f48') in 0.014009 seconds
Number of updated asset objects reloaded before import = 0
Number of asset objects unloaded after import = 2
========================================================================
Received Import Request.
  Time since last request: 0.034432 seconds.
  path: Assets/Oculus/VR/Editor/BuildingBlocks/Animations/bb_outline_08.png
  artifactKey: Guid(37b36a602d2bd604fb7a7ca6e7b4ff49) Importer(815301076,1909f56bfc062723c751e8b465ee728b)
Start importing Assets/Oculus/VR/Editor/BuildingBlocks/Animations/bb_outline_08.png using Guid(37b36a602d2bd604fb7a7ca6e7b4ff49) Importer(815301076,1909f56bfc062723c751e8b465ee728b)  -> (artifact id: 'f1a89e02d97d960f0c2ed85c1c25ffba') in 0.013665 seconds
Number of updated asset objects reloaded before import = 0
Number of asset objects unloaded after import = 2
========================================================================
Received Import Request.
  Time since last request: 0.096355 seconds.
  path: Assets/Oculus/VR/Editor/BuildingBlocks/BlockData/ControllerTracking/Textures/bb_thumb_controllertracking.png
  artifactKey: Guid(42076419df902cf4fb1f80c04a401aac) Importer(815301076,1909f56bfc062723c751e8b465ee728b)
Start importing Assets/Oculus/VR/Editor/BuildingBlocks/BlockData/ControllerTracking/Textures/bb_thumb_controllertracking.png using Guid(42076419df902cf4fb1f80c04a401aac) Importer(815301076,1909f56bfc062723c751e8b465ee728b)  -> (artifact id: '329481e7e0d02a7f26ba5550514e00c5') in 0.020266 seconds
Number of updated asset objects reloaded before import = 0
Number of asset objects unloaded after import = 2
========================================================================
Received Import Request.
  Time since last request: 0.034103 seconds.
  path: Assets/Oculus/VR/Editor/BuildingBlocks/BlockData/EyeGaze/Textures/bb_thumb_eyegaze.png
  artifactKey: Guid(9729063c13c90d34a9b829abce2f1d0b) Importer(815301076,1909f56bfc062723c751e8b465ee728b)
Start importing Assets/Oculus/VR/Editor/BuildingBlocks/BlockData/EyeGaze/Textures/bb_thumb_eyegaze.png using Guid(9729063c13c90d34a9b829abce2f1d0b) Importer(815301076,1909f56bfc062723c751e8b465ee728b)  -> (artifact id: 'ddbba1ffbd407c5882d5cfc930ab7027') in 0.015278 seconds
Number of updated asset objects reloaded before import = 0
Number of asset objects unloaded after import = 2
========================================================================
Received Import Request.
  Time since last request: 0.626987 seconds.
  path: Assets/Oculus/VR/Editor/BuildingBlocks/BlockData/HandTracking/Textures/bb_thumb_handtracking.png
  artifactKey: Guid(d53aa1789d7879a43a2e31d261a304b7) Importer(815301076,1909f56bfc062723c751e8b465ee728b)
Start importing Assets/Oculus/VR/Editor/BuildingBlocks/BlockData/HandTracking/Textures/bb_thumb_handtracking.png using Guid(d53aa1789d7879a43a2e31d261a304b7) Importer(815301076,1909f56bfc062723c751e8b465ee728b)  -> (artifact id: 'cafcfb22ff56d3e232a12d150e473058') in 0.015593 seconds
Number of updated asset objects reloaded before import = 0
Number of asset objects unloaded after import = 2
========================================================================
Received Import Request.
  Time since last request: 0.032955 seconds.
  path: Assets/Oculus/VR/Editor/BuildingBlocks/BlockData/Passthrough/Textures/bb_thumb_passthrough.png
  artifactKey: Guid(ce64ab3d091a156479551658e5748d77) Importer(815301076,1909f56bfc062723c751e8b465ee728b)
Start importing Assets/Oculus/VR/Editor/BuildingBlocks/BlockData/Passthrough/Textures/bb_thumb_passthrough.png using Guid(ce64ab3d091a156479551658e5748d77) Importer(815301076,1909f56bfc062723c751e8b465ee728b)  -> (artifact id: '793f7c0aa039c1bd345936007c2b5911') in 0.013637 seconds
Number of updated asset objects reloaded before import = 0
Number of asset objects unloaded after import = 2
========================================================================
Received Import Request.
  Time since last request: 0.050772 seconds.
  path: Assets/Oculus/Interaction/OVRIntegration/Editor/Blocks/InteractableItems/Textures/bb_thumb_poking.png
  artifactKey: Guid(552e268e6438dd1498f5cd04fa8f27e7) Importer(815301076,1909f56bfc062723c751e8b465ee728b)
Start importing Assets/Oculus/Interaction/OVRIntegration/Editor/Blocks/InteractableItems/Textures/bb_thumb_poking.png using Guid(552e268e6438dd1498f5cd04fa8f27e7) Importer(815301076,1909f56bfc062723c751e8b465ee728b)  -> (artifact id: 'caa4d7ee6b3235fc99190e624eb22f10') in 0.014927 seconds
Number of updated asset objects reloaded before import = 0
Number of asset objects unloaded after import = 2
========================================================================
Received Import Request.
  Time since last request: 0.034915 seconds.
  path: Assets/Oculus/VR/Editor/BuildingBlocks/BlockData/RoomModel/Textures/bb_thumb_roommodel.png
  artifactKey: Guid(7d035d588dc6b354b9045562c27847b8) Importer(815301076,1909f56bfc062723c751e8b465ee728b)
Start importing Assets/Oculus/VR/Editor/BuildingBlocks/BlockData/RoomModel/Textures/bb_thumb_roommodel.png using Guid(7d035d588dc6b354b9045562c27847b8) Importer(815301076,1909f56bfc062723c751e8b465ee728b)  -> (artifact id: '76bef2b16025e9900f468f224cab052c') in 0.017146 seconds
Number of updated asset objects reloaded before import = 0
Number of asset objects unloaded after import = 2
========================================================================
Received Import Request.
  Time since last request: 0.541351 seconds.
  path: Assets/Oculus/Interaction/OVRIntegration/Editor/Blocks/InteractableItems/Textures/bb_thumb_throwing.png
  artifactKey: Guid(53aeaeadc605a914a90f9b107d531936) Importer(815301076,1909f56bfc062723c751e8b465ee728b)
Start importing Assets/Oculus/Interaction/OVRIntegration/Editor/Blocks/InteractableItems/Textures/bb_thumb_throwing.png using Guid(53aeaeadc605a914a90f9b107d531936) Importer(815301076,1909f56bfc062723c751e8b465ee728b)  -> (artifact id: '8f6914a558a3920cdc388a50790260f2') in 0.015438 seconds
Number of updated asset objects reloaded before import = 0
Number of asset objects unloaded after import = 2
========================================================================
Received Import Request.
  Time since last request: 0.158498 seconds.
  path: Assets/Oculus/VR/Editor/BuildingBlocks/Animations/bb_tutorial_01.png
  artifactKey: Guid(3e3be453c67ef874e89c6edd7fc0ebf1) Importer(815301076,1909f56bfc062723c751e8b465ee728b)
Start importing Assets/Oculus/VR/Editor/BuildingBlocks/Animations/bb_tutorial_01.png using Guid(3e3be453c67ef874e89c6edd7fc0ebf1) Importer(815301076,1909f56bfc062723c751e8b465ee728b)  -> (artifact id: 'fe6ccf045bfd2c485b21cd458fa30c14') in 0.014432 seconds
Number of updated asset objects reloaded before import = 0
Number of asset objects unloaded after import = 2
========================================================================
Received Import Request.
  Time since last request: 0.506646 seconds.
  path: Assets/Oculus/SampleFramework/Usage/StartScene/Textures/BlackCubemap.png
  artifactKey: Guid(b40a1cb5f1124ec489cc1e7a533e46e6) Importer(815301076,1909f56bfc062723c751e8b465ee728b)
Start importing Assets/Oculus/SampleFramework/Usage/StartScene/Textures/BlackCubemap.png using Guid(b40a1cb5f1124ec489cc1e7a533e46e6) Importer(815301076,1909f56bfc062723c751e8b465ee728b)  -> (artifact id: '3fc8c04e6f7e913c0b6c4a13a5de9354') in 0.067693 seconds
Number of updated asset objects reloaded before import = 0
Number of asset objects unloaded after import = 1
========================================================================
Received Import Request.
  Time since last request: 0.003691 seconds.
  path: Assets/Oculus/SampleFramework/Usage/SharedAssets/Textures/block_wood_01_nml.png
  artifactKey: Guid(8ae0377f4bf34c04d803e6bbeb1c3077) Importer(815301076,1909f56bfc062723c751e8b465ee728b)
Start importing Assets/Oculus/SampleFramework/Usage/SharedAssets/Textures/block_wood_01_nml.png using Guid(8ae0377f4bf34c04d803e6bbeb1c3077) Importer(815301076,1909f56bfc062723c751e8b465ee728b)  -> (artifact id: '930a6fb843aaa59954d570b616e0d176') in 0.021099 seconds
Number of updated asset objects reloaded before import = 0
Number of asset objects unloaded after import = 2
